2025-11-17T14:54:38.928+01:00  INFO 377072 --- [server] [main] s.bytebase.vr_server.ServerApplication   : Starting ServerApplication v0.0.1-SNAPSHOT using Java 25 with PID 377072 (/home/victor/Code/Te4/VR-Spel/Backend/target/vr_server-0.0.1-SNAPSHOT.jar started by victor in /home/victor/Code/Te4/VR-Spel/Backend)
2025-11-17T14:54:38.931+01:00  INFO 377072 --- [server] [main] s.bytebase.vr_server.ServerApplication   : No active profile set, falling back to 1 default profile: "default"
2025-11-17T14:54:39.791+01:00  INFO 377072 --- [server] [main] .s.d.r.c.RepositoryConfigurationDelegate : Bootstrapping Spring Data JPA repositories in DEFAULT mode.
2025-11-17T14:54:39.864+01:00  INFO 377072 --- [server] [main] .s.d.r.c.RepositoryConfigurationDelegate : Finished Spring Data repository scanning in 61 ms. Found 1 JPA repository interface.
2025-11-17T14:54:40.726+01:00  INFO 377072 --- [server] [main] o.s.b.w.embedded.tomcat.TomcatWebServer  : Tomcat initialized with port 8001 (http)
2025-11-17T14:54:40.752+01:00  INFO 377072 --- [server] [main] o.apache.catalina.core.StandardService   : Starting service [Tomcat]
2025-11-17T14:54:40.753+01:00  INFO 377072 --- [server] [main] o.apache.catalina.core.StandardEngine    : Starting Servlet engine: [Apache Tomcat/10.1.44]
2025-11-17T14:54:40.788+01:00  INFO 377072 --- [server] [main] o.a.c.c.C.[Tomcat].[localhost].[/]       : Initializing Spring embedded WebApplicationContext
2025-11-17T14:54:40.789+01:00  INFO 377072 --- [server] [main] w.s.c.ServletWebServerApplicationContext : Root WebApplicationContext: initialization completed in 1799 ms
2025-11-17T14:54:41.079+01:00  INFO 377072 --- [server] [main] o.hibernate.jpa.internal.util.LogHelper  : HHH000204: Processing PersistenceUnitInfo [name: default]
2025-11-17T14:54:41.185+01:00  INFO 377072 --- [server] [main] org.hibernate.Version                    : HHH000412: Hibernate ORM core version 6.6.26.Final
2025-11-17T14:54:41.247+01:00  INFO 377072 --- [server] [main] o.h.c.internal.RegionFactoryInitiator    : HHH000026: Second-level cache disabled
2025-11-17T14:54:41.975+01:00  INFO 377072 --- [server] [main] o.s.o.j.p.SpringPersistenceUnitInfo      : No LoadTimeWeaver setup: ignoring JPA class transformer
2025-11-17T14:54:42.050+01:00  INFO 377072 --- [server] [main] com.zaxxer.hikari.HikariDataSource       : HikariPool-1 - Starting...
2025-11-17T14:54:43.195+01:00  INFO 377072 --- [server] [main] com.zaxxer.hikari.pool.HikariPool        : HikariPool-1 - Added connection com.mysql.cj.jdbc.ConnectionImpl@bfd97fb
2025-11-17T14:54:43.203+01:00  INFO 377072 --- [server] [main] com.zaxxer.hikari.HikariDataSource       : HikariPool-1 - Start completed.
2025-11-17T14:54:43.324+01:00  WARN 377072 --- [server] [main] org.hibernate.orm.deprecation            : HHH90000025: MySQLDialect does not need to be specified explicitly using 'hibernate.dialect' (remove the property setting and it will be selected by default)
2025-11-17T14:54:43.366+01:00  INFO 377072 --- [server] [main] org.hibernate.orm.connections.pooling    : HHH10001005: Database info:
	Database JDBC URL [Connecting through datasource 'HikariDataSource (HikariPool-1)']
	Database driver: undefined/unknown
	Database version: 8.4.7
	Autocommit mode: undefined/unknown
	Isolation level: undefined/unknown
	Minimum pool size: undefined/unknown
	Maximum pool size: undefined/unknown
2025-11-17T14:54:44.389+01:00  INFO 377072 --- [server] [main] o.h.e.t.j.p.i.JtaPlatformInitiator       : HHH000489: No JTA platform available (set 'hibernate.transaction.jta.platform' to enable JTA platform integration)
2025-11-17T14:54:44.447+01:00  INFO 377072 --- [server] [main] j.LocalContainerEntityManagerFactoryBean : Initialized JPA EntityManagerFactory for persistence unit 'default'
2025-11-17T14:54:44.922+01:00  WARN 377072 --- [server] [main] JpaBaseConfiguration$JpaWebConfiguration : spring.jpa.open-in-view is enabled by default. Therefore, database queries may be performed during view rendering. Explicitly configure spring.jpa.open-in-view to disable this warning
2025-11-17T14:54:45.013+01:00  INFO 377072 --- [server] [main] o.s.b.a.w.s.WelcomePageHandlerMapping    : Adding welcome page: class path resource [static/index.html]
2025-11-17T14:54:45.172+01:00  WARN 377072 --- [server] [main] .s.s.UserDetailsServiceAutoConfiguration : 

Using generated security password: 36246532-fec6-4151-86f0-97eaf649f088

This generated password is for development use only. Your security configuration must be updated before running your application in production.

2025-11-17T14:54:45.185+01:00  INFO 377072 --- [server] [main] r$InitializeUserDetailsManagerConfigurer : Global AuthenticationManager configured with UserDetailsService bean with name inMemoryUserDetailsManager
2025-11-17T14:54:45.754+01:00  INFO 377072 --- [server] [main] o.s.m.s.b.SimpleBrokerMessageHandler     : Starting...
2025-11-17T14:54:45.757+01:00  INFO 377072 --- [server] [main] o.s.m.s.b.SimpleBrokerMessageHandler     : BrokerAvailabilityEvent[available=true, SimpleBrokerMessageHandler [org.springframework.messaging.simp.broker.DefaultSubscriptionRegistry@94f79a7]]
2025-11-17T14:54:45.759+01:00  INFO 377072 --- [server] [main] o.s.m.s.b.SimpleBrokerMessageHandler     : Started.
2025-11-17T14:54:45.784+01:00  INFO 377072 --- [server] [main] o.s.m.s.b.SimpleBrokerMessageHandler     : Stopping...
2025-11-17T14:54:45.784+01:00  INFO 377072 --- [server] [main] o.s.m.s.b.SimpleBrokerMessageHandler     : BrokerAvailabilityEvent[available=false, SimpleBrokerMessageHandler [org.springframework.messaging.simp.broker.DefaultSubscriptionRegistry@94f79a7]]
2025-11-17T14:54:45.785+01:00  INFO 377072 --- [server] [main] o.s.m.s.b.SimpleBrokerMessageHandler     : Stopped.
2025-11-17T14:54:45.785+01:00  WARN 377072 --- [server] [main] ConfigServletWebServerApplicationContext : Exception encountered during context initialization - cancelling refresh attempt: org.springframework.context.ApplicationContextException: Failed to start bean 'webServerStartStop'
2025-11-17T14:54:45.790+01:00  INFO 377072 --- [server] [main] j.LocalContainerEntityManagerFactoryBean : Closing JPA EntityManagerFactory for persistence unit 'default'
2025-11-17T14:54:45.794+01:00  INFO 377072 --- [server] [main] com.zaxxer.hikari.HikariDataSource       : HikariPool-1 - Shutdown initiated...
2025-11-17T14:54:45.808+01:00  INFO 377072 --- [server] [main] com.zaxxer.hikari.HikariDataSource       : HikariPool-1 - Shutdown completed.
2025-11-17T14:54:45.833+01:00  INFO 377072 --- [server] [main] .s.b.a.l.ConditionEvaluationReportLogger : 

Error starting ApplicationContext. To display the condition evaluation report re-run your application with 'debug' enabled.
2025-11-17T14:54:45.853+01:00 ERROR 377072 --- [server] [main] o.s.b.d.LoggingFailureAnalysisReporter   : 

***************************
APPLICATION FAILED TO START
***************************

Description:

Web server failed to start. Port 8001 was already in use.

Action:

Identify and stop the process that's listening on port 8001 or configure this application to listen on another port.

2025-11-17T14:55:18.528+01:00  INFO 378534 --- [server] [main] s.bytebase.vr_server.ServerApplication   : Starting ServerApplication v0.0.1-SNAPSHOT using Java 25 with PID 378534 (/home/victor/Code/Te4/VR-Spel/Backend/target/vr_server-0.0.1-SNAPSHOT.jar started by victor in /home/victor/Code/Te4/VR-Spel/Backend)
2025-11-17T14:55:18.529+01:00  INFO 378534 --- [server] [main] s.bytebase.vr_server.ServerApplication   : No active profile set, falling back to 1 default profile: "default"
2025-11-17T14:55:19.005+01:00  INFO 378534 --- [server] [main] .s.d.r.c.RepositoryConfigurationDelegate : Bootstrapping Spring Data JPA repositories in DEFAULT mode.
2025-11-17T14:55:19.049+01:00  INFO 378534 --- [server] [main] .s.d.r.c.RepositoryConfigurationDelegate : Finished Spring Data repository scanning in 32 ms. Found 1 JPA repository interface.
2025-11-17T14:55:19.586+01:00  INFO 378534 --- [server] [main] o.s.b.w.embedded.tomcat.TomcatWebServer  : Tomcat initialized with port 8001 (http)
2025-11-17T14:55:19.602+01:00  INFO 378534 --- [server] [main] o.apache.catalina.core.StandardService   : Starting service [Tomcat]
2025-11-17T14:55:19.602+01:00  INFO 378534 --- [server] [main] o.apache.catalina.core.StandardEngine    : Starting Servlet engine: [Apache Tomcat/10.1.44]
2025-11-17T14:55:19.626+01:00  INFO 378534 --- [server] [main] o.a.c.c.C.[Tomcat].[localhost].[/]       : Initializing Spring embedded WebApplicationContext
2025-11-17T14:55:19.627+01:00  INFO 378534 --- [server] [main] w.s.c.ServletWebServerApplicationContext : Root WebApplicationContext: initialization completed in 1060 ms
2025-11-17T14:55:19.805+01:00  INFO 378534 --- [server] [main] o.hibernate.jpa.internal.util.LogHelper  : HHH000204: Processing PersistenceUnitInfo [name: default]
2025-11-17T14:55:19.872+01:00  INFO 378534 --- [server] [main] org.hibernate.Version                    : HHH000412: Hibernate ORM core version 6.6.26.Final
2025-11-17T14:55:19.904+01:00  INFO 378534 --- [server] [main] o.h.c.internal.RegionFactoryInitiator    : HHH000026: Second-level cache disabled
2025-11-17T14:55:20.141+01:00  INFO 378534 --- [server] [main] o.s.o.j.p.SpringPersistenceUnitInfo      : No LoadTimeWeaver setup: ignoring JPA class transformer
2025-11-17T14:55:20.163+01:00  INFO 378534 --- [server] [main] com.zaxxer.hikari.HikariDataSource       : HikariPool-1 - Starting...
2025-11-17T14:55:20.391+01:00  INFO 378534 --- [server] [main] com.zaxxer.hikari.pool.HikariPool        : HikariPool-1 - Added connection com.mysql.cj.jdbc.ConnectionImpl@bfd97fb
2025-11-17T14:55:20.393+01:00  INFO 378534 --- [server] [main] com.zaxxer.hikari.HikariDataSource       : HikariPool-1 - Start completed.
2025-11-17T14:55:20.445+01:00  WARN 378534 --- [server] [main] org.hibernate.orm.deprecation            : HHH90000025: MySQLDialect does not need to be specified explicitly using 'hibernate.dialect' (remove the property setting and it will be selected by default)
2025-11-17T14:55:20.462+01:00  INFO 378534 --- [server] [main] org.hibernate.orm.connections.pooling    : HHH10001005: Database info:
	Database JDBC URL [Connecting through datasource 'HikariDataSource (HikariPool-1)']
	Database driver: undefined/unknown
	Database version: 8.4.7
	Autocommit mode: undefined/unknown
	Isolation level: undefined/unknown
	Minimum pool size: undefined/unknown
	Maximum pool size: undefined/unknown
2025-11-17T14:55:21.009+01:00  INFO 378534 --- [server] [main] o.h.e.t.j.p.i.JtaPlatformInitiator       : HHH000489: No JTA platform available (set 'hibernate.transaction.jta.platform' to enable JTA platform integration)
2025-11-17T14:55:21.050+01:00  INFO 378534 --- [server] [main] j.LocalContainerEntityManagerFactoryBean : Initialized JPA EntityManagerFactory for persistence unit 'default'
2025-11-17T14:55:21.533+01:00  WARN 378534 --- [server] [main] JpaBaseConfiguration$JpaWebConfiguration : spring.jpa.open-in-view is enabled by default. Therefore, database queries may be performed during view rendering. Explicitly configure spring.jpa.open-in-view to disable this warning
2025-11-17T14:55:21.598+01:00  INFO 378534 --- [server] [main] o.s.b.a.w.s.WelcomePageHandlerMapping    : Adding welcome page: class path resource [static/index.html]
2025-11-17T14:55:21.693+01:00  WARN 378534 --- [server] [main] .s.s.UserDetailsServiceAutoConfiguration : 

Using generated security password: f6363b73-0d0d-41e8-8e0e-24e636c0650b

This generated password is for development use only. Your security configuration must be updated before running your application in production.

2025-11-17T14:55:21.706+01:00  INFO 378534 --- [server] [main] r$InitializeUserDetailsManagerConfigurer : Global AuthenticationManager configured with UserDetailsService bean with name inMemoryUserDetailsManager
2025-11-17T14:55:22.083+01:00  INFO 378534 --- [server] [main] o.s.m.s.b.SimpleBrokerMessageHandler     : Starting...
2025-11-17T14:55:22.084+01:00  INFO 378534 --- [server] [main] o.s.m.s.b.SimpleBrokerMessageHandler     : BrokerAvailabilityEvent[available=true, SimpleBrokerMessageHandler [org.springframework.messaging.simp.broker.DefaultSubscriptionRegistry@44b1d2fa]]
2025-11-17T14:55:22.086+01:00  INFO 378534 --- [server] [main] o.s.m.s.b.SimpleBrokerMessageHandler     : Started.
2025-11-17T14:55:22.094+01:00  INFO 378534 --- [server] [main] o.s.m.s.b.SimpleBrokerMessageHandler     : Stopping...
2025-11-17T14:55:22.095+01:00  INFO 378534 --- [server] [main] o.s.m.s.b.SimpleBrokerMessageHandler     : BrokerAvailabilityEvent[available=false, SimpleBrokerMessageHandler [org.springframework.messaging.simp.broker.DefaultSubscriptionRegistry@44b1d2fa]]
2025-11-17T14:55:22.095+01:00  INFO 378534 --- [server] [main] o.s.m.s.b.SimpleBrokerMessageHandler     : Stopped.
2025-11-17T14:55:22.095+01:00  WARN 378534 --- [server] [main] ConfigServletWebServerApplicationContext : Exception encountered during context initialization - cancelling refresh attempt: org.springframework.context.ApplicationContextException: Failed to start bean 'webServerStartStop'
2025-11-17T14:55:22.098+01:00  INFO 378534 --- [server] [main] j.LocalContainerEntityManagerFactoryBean : Closing JPA EntityManagerFactory for persistence unit 'default'
2025-11-17T14:55:22.101+01:00  INFO 378534 --- [server] [main] com.zaxxer.hikari.HikariDataSource       : HikariPool-1 - Shutdown initiated...
2025-11-17T14:55:22.114+01:00  INFO 378534 --- [server] [main] com.zaxxer.hikari.HikariDataSource       : HikariPool-1 - Shutdown completed.
2025-11-17T14:55:22.130+01:00  INFO 378534 --- [server] [main] .s.b.a.l.ConditionEvaluationReportLogger : 

Error starting ApplicationContext. To display the condition evaluation report re-run your application with 'debug' enabled.
2025-11-17T14:55:22.148+01:00 ERROR 378534 --- [server] [main] o.s.b.d.LoggingFailureAnalysisReporter   : 

***************************
APPLICATION FAILED TO START
***************************

Description:

Web server failed to start. Port 8001 was already in use.

Action:

Identify and stop the process that's listening on port 8001 or configure this application to listen on another port.

2025-11-17T14:56:26.831+01:00  INFO 380349 --- [server] [main] s.bytebase.vr_server.ServerApplication   : Starting ServerApplication v0.0.1-SNAPSHOT using Java 25 with PID 380349 (/home/victor/Code/Te4/VR-Spel/Backend/target/vr_server-0.0.1-SNAPSHOT.jar started by victor in /home/victor/Code/Te4/VR-Spel/Backend)
2025-11-17T14:56:26.832+01:00  INFO 380349 --- [server] [main] s.bytebase.vr_server.ServerApplication   : No active profile set, falling back to 1 default profile: "default"
2025-11-17T14:56:27.335+01:00  INFO 380349 --- [server] [main] .s.d.r.c.RepositoryConfigurationDelegate : Bootstrapping Spring Data JPA repositories in DEFAULT mode.
2025-11-17T14:56:27.401+01:00  INFO 380349 --- [server] [main] .s.d.r.c.RepositoryConfigurationDelegate : Finished Spring Data repository scanning in 52 ms. Found 1 JPA repository interface.
2025-11-17T14:56:27.885+01:00  INFO 380349 --- [server] [main] o.s.b.w.embedded.tomcat.TomcatWebServer  : Tomcat initialized with port 8002 (http)
2025-11-17T14:56:27.907+01:00  INFO 380349 --- [server] [main] o.apache.catalina.core.StandardService   : Starting service [Tomcat]
2025-11-17T14:56:27.907+01:00  INFO 380349 --- [server] [main] o.apache.catalina.core.StandardEngine    : Starting Servlet engine: [Apache Tomcat/10.1.44]
2025-11-17T14:56:27.927+01:00  INFO 380349 --- [server] [main] o.a.c.c.C.[Tomcat].[localhost].[/]       : Initializing Spring embedded WebApplicationContext
2025-11-17T14:56:27.928+01:00  INFO 380349 --- [server] [main] w.s.c.ServletWebServerApplicationContext : Root WebApplicationContext: initialization completed in 1061 ms
2025-11-17T14:56:28.146+01:00  INFO 380349 --- [server] [main] o.hibernate.jpa.internal.util.LogHelper  : HHH000204: Processing PersistenceUnitInfo [name: default]
2025-11-17T14:56:28.224+01:00  INFO 380349 --- [server] [main] org.hibernate.Version                    : HHH000412: Hibernate ORM core version 6.6.26.Final
2025-11-17T14:56:28.264+01:00  INFO 380349 --- [server] [main] o.h.c.internal.RegionFactoryInitiator    : HHH000026: Second-level cache disabled
2025-11-17T14:56:28.524+01:00  INFO 380349 --- [server] [main] o.s.o.j.p.SpringPersistenceUnitInfo      : No LoadTimeWeaver setup: ignoring JPA class transformer
2025-11-17T14:56:28.553+01:00  INFO 380349 --- [server] [main] com.zaxxer.hikari.HikariDataSource       : HikariPool-1 - Starting...
2025-11-17T14:56:28.858+01:00  INFO 380349 --- [server] [main] com.zaxxer.hikari.pool.HikariPool        : HikariPool-1 - Added connection com.mysql.cj.jdbc.ConnectionImpl@bfd97fb
2025-11-17T14:56:28.861+01:00  INFO 380349 --- [server] [main] com.zaxxer.hikari.HikariDataSource       : HikariPool-1 - Start completed.
2025-11-17T14:56:28.916+01:00  WARN 380349 --- [server] [main] org.hibernate.orm.deprecation            : HHH90000025: MySQLDialect does not need to be specified explicitly using 'hibernate.dialect' (remove the property setting and it will be selected by default)
2025-11-17T14:56:28.944+01:00  INFO 380349 --- [server] [main] org.hibernate.orm.connections.pooling    : HHH10001005: Database info:
	Database JDBC URL [Connecting through datasource 'HikariDataSource (HikariPool-1)']
	Database driver: undefined/unknown
	Database version: 8.4.7
	Autocommit mode: undefined/unknown
	Isolation level: undefined/unknown
	Minimum pool size: undefined/unknown
	Maximum pool size: undefined/unknown
2025-11-17T14:56:29.821+01:00  INFO 380349 --- [server] [main] o.h.e.t.j.p.i.JtaPlatformInitiator       : HHH000489: No JTA platform available (set 'hibernate.transaction.jta.platform' to enable JTA platform integration)
2025-11-17T14:56:29.876+01:00  INFO 380349 --- [server] [main] j.LocalContainerEntityManagerFactoryBean : Initialized JPA EntityManagerFactory for persistence unit 'default'
2025-11-17T14:56:30.455+01:00  WARN 380349 --- [server] [main] JpaBaseConfiguration$JpaWebConfiguration : spring.jpa.open-in-view is enabled by default. Therefore, database queries may be performed during view rendering. Explicitly configure spring.jpa.open-in-view to disable this warning
2025-11-17T14:56:30.561+01:00  INFO 380349 --- [server] [main] o.s.b.a.w.s.WelcomePageHandlerMapping    : Adding welcome page: class path resource [static/index.html]
2025-11-17T14:56:30.708+01:00  WARN 380349 --- [server] [main] .s.s.UserDetailsServiceAutoConfiguration : 

Using generated security password: f0ba9388-60eb-4019-9b4f-b4e63850f099

This generated password is for development use only. Your security configuration must be updated before running your application in production.

2025-11-17T14:56:30.726+01:00  INFO 380349 --- [server] [main] r$InitializeUserDetailsManagerConfigurer : Global AuthenticationManager configured with UserDetailsService bean with name inMemoryUserDetailsManager
2025-11-17T14:56:31.177+01:00  INFO 380349 --- [server] [main] o.s.m.s.b.SimpleBrokerMessageHandler     : Starting...
2025-11-17T14:56:31.178+01:00  INFO 380349 --- [server] [main] o.s.m.s.b.SimpleBrokerMessageHandler     : BrokerAvailabilityEvent[available=true, SimpleBrokerMessageHandler [org.springframework.messaging.simp.broker.DefaultSubscriptionRegistry@44b1d2fa]]
2025-11-17T14:56:31.181+01:00  INFO 380349 --- [server] [main] o.s.m.s.b.SimpleBrokerMessageHandler     : Started.
2025-11-17T14:56:31.211+01:00  INFO 380349 --- [server] [main] o.s.b.w.embedded.tomcat.TomcatWebServer  : Tomcat started on port 8002 (http) with context path '/'
2025-11-17T14:56:31.240+01:00  INFO 380349 --- [server] [main] s.bytebase.vr_server.ServerApplication   : Started ServerApplication in 4.785 seconds (process running for 5.19)
2025-11-17T14:57:17.484+01:00  INFO 380349 --- [server] [SpringApplicationShutdownHook] o.s.b.w.e.tomcat.GracefulShutdown        : Commencing graceful shutdown. Waiting for active requests to complete
2025-11-17T14:57:17.488+01:00  INFO 380349 --- [server] [tomcat-shutdown] o.s.b.w.e.tomcat.GracefulShutdown        : Graceful shutdown complete
2025-11-17T14:57:17.492+01:00  INFO 380349 --- [server] [SpringApplicationShutdownHook] o.s.m.s.b.SimpleBrokerMessageHandler     : Stopping...
2025-11-17T14:57:17.493+01:00  INFO 380349 --- [server] [SpringApplicationShutdownHook] o.s.m.s.b.SimpleBrokerMessageHandler     : BrokerAvailabilityEvent[available=false, SimpleBrokerMessageHandler [org.springframework.messaging.simp.broker.DefaultSubscriptionRegistry@44b1d2fa]]
2025-11-17T14:57:17.493+01:00  INFO 380349 --- [server] [SpringApplicationShutdownHook] o.s.m.s.b.SimpleBrokerMessageHandler     : Stopped.
2025-11-17T14:57:17.495+01:00  INFO 380349 --- [server] [SpringApplicationShutdownHook] j.LocalContainerEntityManagerFactoryBean : Closing JPA EntityManagerFactory for persistence unit 'default'
2025-11-17T14:57:17.497+01:00  INFO 380349 --- [server] [SpringApplicationShutdownHook] com.zaxxer.hikari.HikariDataSource       : HikariPool-1 - Shutdown initiated...
2025-11-17T14:57:17.502+01:00  INFO 380349 --- [server] [SpringApplicationShutdownHook] com.zaxxer.hikari.HikariDataSource       : HikariPool-1 - Shutdown completed.
